生成启动时间为 2015/11/30 11:47:10。
     1>项目“D:\H1Client\Project.cpp\hzamr\hzamr\hzamr.vcxproj”在节点 2 上(Rebuild 个目标)。
     1>ClCompile:
         D:\Program Files (x86)\Microsoft Visual Studio 12.0\VC\bin\CL.exe /c /Zi /nologo /W3 /WX- /sdl /O2 /Oi /Oy- /GL /D _CRT_SECURE_NO_WARNINGS /D _WINDLL /D _MBCS /Gm- /EHsc /MD /GS /Gy /fp:precise /Zc:wchar_t /Zc:forScope /Fo"Release\\" /Fd"Release\vc120.pdb" /Gd /TC /analyze- /errorReport:prompt interf_dec.c interf_enc.c sp_dec.c sp_enc.c wavwriter.c
         interf_dec.c
         interf_enc.c
         sp_dec.c
         sp_enc.c
         wavwriter.c
         D:\Program Files (x86)\Microsoft Visual Studio 12.0\VC\bin\CL.exe /c /Zi /nologo /W3 /WX- /sdl /O2 /Oi /Oy- /GL /D _CRT_SECURE_NO_WARNINGS /D _WINDLL /D _MBCS /Gm- /EHsc /MD /GS /Gy /fp:precise /Zc:wchar_t /Zc:forScope /Fo"Release\\" /Fd"Release\vc120.pdb" /Gd /TP /analyze- /errorReport:prompt Plugin.cpp
         Plugin.cpp
     1>Plugin.cpp(20): warning C4018: “>”: 有符号/无符号不匹配
       Link:
         D:\Program Files (x86)\Microsoft Visual Studio 12.0\VC\bin\link.exe /ERRORREPORT:PROMPT /OUT:"D:\H1Client\Project.cpp\hzamr\Release\hzamr.dll" /NOLOGO kernel32.lib user32.lib gdi32.lib winspool.lib comdlg32.lib advapi32.lib shell32.lib ole32.lib oleaut32.lib uuid.lib odbc32.lib odbccp32.lib /MANIFEST /MANIFESTUAC:"level='asInvoker' uiAccess='false'" /manifest:embed /DEBUG /PDB:"D:\H1Client\Project.cpp\hzamr\Release\hzamr.pdb" /OPT:REF /OPT:ICF /LTCG /TLBID:1 /DYNAMICBASE /NXCOMPAT /IMPLIB:"D:\H1Client\Project.cpp\hzamr\Release\hzamr.lib" /MACHINE:X86 /SAFESEH /DLL Release\interf_dec.obj
         Release\interf_enc.obj
         Release\Plugin.obj
         Release\sp_dec.obj
         Release\sp_enc.obj
         Release\wavwriter.obj
            正在创建库 D:\H1Client\Project.cpp\hzamr\Release\hzamr.lib 和对象 D:\H1Client\Project.cpp\hzamr\Release\hzamr.exp
         正在生成代码
         已完成代码的生成
         hzamr.vcxproj -> D:\H1Client\Project.cpp\hzamr\Release\hzamr.dll
     1>已完成生成项目“D:\H1Client\Project.cpp\hzamr\hzamr\hzamr.vcxproj”(Rebuild 个目标)的操作。

生成成功。

已用时间 00:00:02.83
